<?xml version="1.0" encoding="UTF-8"?>
<!-- Generated by org.testng.reporters.JUnitReportReporter -->
<testsuite skipped="0" hostname="Brij-SNH" name="postPackage.JacksonTest" tests="3" failures="0" timestamp="2020-09-24T12:49:10 IST" time="5.712" errors="0">
  <testcase name="JsontoPOJOUsingJackson" time="3.985" classname="postPackage.JacksonTest"/>
  <testcase name="JsontoPOJOUsingJacksonUsingURL" time="0.811" classname="postPackage.JacksonTest"/>
  <testcase name="PojoToJsonUsingJackson" time="0.916" classname="postPackage.JacksonTest"/>
</testsuite> <!-- postPackage.JacksonTest -->
