<?xml version="1.0" encoding="UTF-8"?>
<!-- Generated by org.testng.reporters.JUnitReportReporter -->
<testsuite skipped="0" hostname="Brij-SNH" name="postPackage.PostTestCasesTest" tests="10" failures="0" timestamp="2020-09-22T15:00:52 IST" time="5.296" errors="0">
  <testcase name="createUsersExposeTest" time="0.001" classname="postPackage.PostTestCasesTest"/>
  <testcase name="createUserHM_GsonBuilder" time="0.002" classname="postPackage.PostTestCasesTest"/>
  <testcase name="createUserGson" time="2.659" classname="postPackage.PostTestCasesTest"/>
  <testcase name="createUserJsonObject" time="0.837" classname="postPackage.PostTestCasesTest"/>
  <testcase name="createUsersNullFieldsGsonBuilder" time="0.001" classname="postPackage.PostTestCasesTest"/>
  <testcase name="createUserHM_Gson" time="0.839" classname="postPackage.PostTestCasesTest"/>
  <testcase name="createUsersExclusionStrategyFields" time="0.002" classname="postPackage.PostTestCasesTest"/>
  <testcase name="createUserJackson" time="0.951" classname="postPackage.PostTestCasesTest"/>
  <testcase name="createUsersExclusionStrategy" time="0.003" classname="postPackage.PostTestCasesTest"/>
  <testcase name="createUsersNullFields" time="0.001" classname="postPackage.PostTestCasesTest"/>
</testsuite> <!-- postPackage.PostTestCasesTest -->
