<?xml version="1.0" encoding="UTF-8"?>
<!-- Generated by org.testng.reporters.JUnitReportReporter -->
<testsuite skipped="0" hostname="Brij-SNH" name="postPackage.GsonTests" tests="1" failures="0" timestamp="2020-09-22T15:26:02 IST" time="2.260" errors="0">
  <testcase name="createUserExcludeClassSr" time="2.260" classname="postPackage.GsonTests"/>
</testsuite> <!-- postPackage.GsonTests -->
