<?xml version="1.0" encoding="UTF-8"?>
<!-- Generated by org.testng.reporters.JUnitReportReporter -->
<testsuite skipped="0" hostname="Brij-SNH" name="package1.GetTests2" tests="7" failures="0" timestamp="2020-09-18T00:03:28 IST" time="3.101" errors="0">
  <testcase name="getListOfUsersAssertBody" time="0.150" classname="package1.GetTests2"/>
  <testcase name="getListOfUsersBasePath" time="0.124" classname="package1.GetTests2"/>
  <testcase name="getListOfUsersRootPath" time="0.150" classname="package1.GetTests2"/>
  <testcase name="getListOfUsersAssertBody1" time="0.206" classname="package1.GetTests2"/>
  <testcase name="getListOfUsersQueryParam" time="0.115" classname="package1.GetTests2"/>
  <testcase name="getListOfUsers" time="1.814" classname="package1.GetTests2"/>
  <testcase name="getListOfUsersJsonPath" time="0.542" classname="package1.GetTests2"/>
</testsuite> <!-- package1.GetTests2 -->
