<?xml version="1.0" encoding="UTF-8"?>
<!-- Generated by org.testng.reporters.JUnitReportReporter -->
<testsuite skipped="0" hostname="Brij-SNH" name="package1.GetTestsTestNG_DPInDiffClass" tests="3" failures="0" timestamp="2020-09-18T00:03:14 IST" time="1.528" errors="0">
  <testcase name="getListOfUsersQueryParam" time="1.260" classname="package1.GetTestsTestNG_DPInDiffClass"/>
  <testcase name="getListOfUsersQueryParam" time="0.126" classname="package1.GetTestsTestNG_DPInDiffClass"/>
  <testcase name="getListOfUsersQueryParam" time="0.142" classname="package1.GetTestsTestNG_DPInDiffClass"/>
</testsuite> <!-- package1.GetTestsTestNG_DPInDiffClass -->
