<?xml version="1.0" encoding="UTF-8"?>
<!-- Generated by org.testng.reporters.JUnitReportReporter -->
<testsuite skipped="0" hostname="Brij-SNH" name="jsonReadWriteUsingSimpleJson.JsonSimplePostTest" tests="1" failures="0" timestamp="2020-09-21T23:02:46 IST" time="0.009" errors="0">
  <testcase name="writeIntojsonFile" time="0.009" classname="jsonReadWriteUsingSimpleJson.JsonSimplePostTest"/>
</testsuite> <!-- jsonReadWriteUsingSimpleJson.JsonSimplePostTest -->
