<?xml version="1.0" encoding="UTF-8"?>
<!-- Generated by org.testng.reporters.JUnitReportReporter -->
<testsuite skipped="0" hostname="Brij-SNH" name="com.xorindtest.AppTest" tests="1" failures="0" timestamp="2020-09-10T15:16:28 IST" time="2.023" errors="0">
  <testcase name="getTest1" time="2.023" classname="com.xorindtest.AppTest"/>
</testsuite> <!-- com.xorindtest.AppTest -->
