<?xml version="1.0" encoding="UTF-8"?>
<!-- Generated by org.testng.reporters.JUnitReportReporter -->
<testsuite skipped="0" hostname="Brij-SNH" name="postPackage.PostHeadersTest" tests="1" failures="0" timestamp="2020-09-21T14:27:10 IST" time="4.124" errors="0">
  <testcase name="createUserGson" time="4.124" classname="postPackage.PostHeadersTest"/>
</testsuite> <!-- postPackage.PostHeadersTest -->
