<?xml version="1.0" encoding="UTF-8"?>
<!-- Generated by org.testng.reporters.JUnitReportReporter -->
<testsuite skipped="0" hostname="Brij-SNH" name="com.xorindtest.AppTest" tests="1" failures="0" timestamp="10 Sep 2020 09:34:58 GMT" time="0.006" errors="0">
  <testcase name="shouldAnswerWithTrue" time="0.006" classname="com.xorindtest.AppTest"/>
</testsuite> <!-- com.xorindtest.AppTest -->
